<?xml version="1.0" encoding="UTF-8"?>
<!-- Generated by org.testng.reporters.JUnitReportReporter -->
<testsuite skipped="0" hostname="INHYDSRIKANTHP" name="ParallelTestA" tests="1" failures="0" timestamp="02 Apr 2019 08:30:57 GMT" time="3.716" errors="0">
  <testcase name="testGrid_1" time="3.716" classname="ParallelTestA"/>
</testsuite> <!-- ParallelTestA -->
